<?xml version="1.0" encoding="UTF-8"?>
<!-- Generated by org.testng.reporters.JUnitReportReporter -->
<testsuite hostname="PSL-9X67XM3" failures="0" tests="2" name="Ekart" time="158.795" errors="0" timestamp="2023-07-07T09:58:12 IST" skipped="0">
  <testcase classname="Ekart" name="customer" time="80.194"/>
  <system-out/>
  <testcase classname="Ekart" name="seller" time="78.601"/>
  <system-out/>
</testsuite> <!-- Ekart -->
