<?xml version="1.0" encoding="UTF-8"?>
<!-- Generated by org.testng.reporters.JUnitReportReporter -->
<testsuite hostname="PSL-9X67XM3" failures="0" tests="1" name="SeleniumIde.demo" time="0.010" errors="0" timestamp="2023-03-17T12:34:13 IST" skipped="0">
  <testcase classname="SeleniumIde.demo" name="info" time="0.010"/>
  <system-out/>
</testsuite> <!-- SeleniumIde.demo -->
