<?xml version="1.0" encoding="UTF-8"?>
<!-- Generated by org.testng.reporters.JUnitReportReporter -->
<testsuite hostname="PSL-9X67XM3" failures="0" tests="1" name="SeleniumIde.TC02WeatherinHyderabadVPTest" time="2.040" errors="0" timestamp="2023-03-14T09:31:03 IST" skipped="0">
  <testcase classname="SeleniumIde.TC02WeatherinHyderabadVPTest" name="tC02WeatherinHyderabadVP" time="2.040"/>
  <system-out/>
</testsuite> <!-- SeleniumIde.TC02WeatherinHyderabadVPTest -->
