<?xml version="1.0" encoding="UTF-8"?>
<!-- Generated by org.testng.reporters.JUnitReportReporter -->
<testsuite hostname="PSL-9X67XM3" failures="0" tests="1" name="SeleniumIde.TC03NumericExpressionVPTest" time="1.803" errors="0" timestamp="2023-03-14T09:31:58 IST" skipped="0">
  <testcase classname="SeleniumIde.TC03NumericExpressionVPTest" name="tC03NumericExpressionVP" time="1.803"/>
  <system-out/>
</testsuite> <!-- SeleniumIde.TC03NumericExpressionVPTest -->
