<?xml version="1.0" encoding="UTF-8"?>
<!-- Generated by org.testng.reporters.JUnitReportReporter -->
<testsuite hostname="PSL-9X67XM3" failures="0" tests="1" name="SeleniumIde.TC01SearchingCountryVpTest" time="4.796" errors="0" timestamp="2023-03-17T14:48:14 IST" skipped="0">
  <testcase classname="SeleniumIde.TC01SearchingCountryVpTest" name="tC01SearchingCountryVp" time="4.796"/>
  <system-out/>
</testsuite> <!-- SeleniumIde.TC01SearchingCountryVpTest -->
