<?xml version="1.0" encoding="UTF-8"?>
<!-- Generated by org.testng.reporters.JUnitReportReporter -->
<testsuite hostname="PSL-9X67XM3" failures="0" tests="10" name="SeleniumIde.AnnotationDemo" time="0.017" errors="0" timestamp="2023-03-14T09:30:43 IST" skipped="0">
  <testcase classname="SeleniumIde.AnnotationDemo" name="beforeSuit" time="0.001"/>
  <system-out/>
  <testcase classname="SeleniumIde.AnnotationDemo" name="tc2" time="0.001"/>
  <system-out/>
  <testcase classname="SeleniumIde.AnnotationDemo" name="AfterMethod" time="0.001"/>
  <system-out/>
  <testcase classname="SeleniumIde.AnnotationDemo" name="AfterTest" time="0.001"/>
  <system-out/>
  <testcase classname="SeleniumIde.AnnotationDemo" name="beforeMethod" time="0.002"/>
  <system-out/>
  <testcase classname="SeleniumIde.AnnotationDemo" name="AfterClass" time="0.008"/>
  <system-out/>
  <testcase classname="SeleniumIde.AnnotationDemo" name="AfterSuit" time="0.001"/>
  <system-out/>
  <testcase classname="SeleniumIde.AnnotationDemo" name="beforeTest" time="0.000"/>
  <system-out/>
  <testcase classname="SeleniumIde.AnnotationDemo" name="beforeClass" time="0.001"/>
  <system-out/>
  <testcase classname="SeleniumIde.AnnotationDemo" name="tc1" time="0.001"/>
  <system-out/>
</testsuite> <!-- SeleniumIde.AnnotationDemo -->
