<?xml version="1.0" encoding="UTF-8"?>
<!-- Generated by org.testng.reporters.JUnitReportReporter -->
<testsuite hostname="PSL-9X67XM3" failures="0" tests="10" name="RbtAssignment.InvocationCount" time="0.020" errors="0" timestamp="2023-04-18T14:47:37 IST" skipped="0">
  <testcase classname="RbtAssignment.InvocationCount" name="invocation" time="0.001"/>
  <system-out/>
  <testcase classname="RbtAssignment.InvocationCount" name="invocation" time="0.001"/>
  <system-out/>
  <testcase classname="RbtAssignment.InvocationCount" name="invocation" time="0.002"/>
  <system-out/>
  <testcase classname="RbtAssignment.InvocationCount" name="invocation" time="0.001"/>
  <system-out/>
  <testcase classname="RbtAssignment.InvocationCount" name="invocation" time="0.001"/>
  <system-out/>
  <testcase classname="RbtAssignment.InvocationCount" name="invocation" time="0.001"/>
  <system-out/>
  <testcase classname="RbtAssignment.InvocationCount" name="invocation" time="0.010"/>
  <system-out/>
  <testcase classname="RbtAssignment.InvocationCount" name="invocation" time="0.001"/>
  <system-out/>
  <testcase classname="RbtAssignment.InvocationCount" name="invocation" time="0.001"/>
  <system-out/>
  <testcase classname="RbtAssignment.InvocationCount" name="invocation" time="0.001"/>
  <system-out/>
</testsuite> <!-- RbtAssignment.InvocationCount -->
