<?xml version="1.0" encoding="UTF-8"?>
<!-- Generated by org.testng.reporters.JUnitReportReporter -->
<testsuite hostname="PSL-9X67XM3" failures="0" tests="1" name="SeleniumIde.TC04ConversionsonmoneyVPTest" time="2.151" errors="0" timestamp="2023-03-14T09:32:53 IST" skipped="0">
  <testcase classname="SeleniumIde.TC04ConversionsonmoneyVPTest" name="tC04ConversionsonmoneyVP" time="2.151"/>
  <system-out/>
</testsuite> <!-- SeleniumIde.TC04ConversionsonmoneyVPTest -->
