<?xml version="1.0" encoding="UTF-8"?>
<!-- Generated by org.testng.reporters.JUnitReportReporter -->
<testsuite hostname="PSL-9X67XM3" failures="0" tests="1" name="mockInterviewprograms.ExplicitWait" time="13.699" errors="0" timestamp="2023-01-02T12:58:50 IST" skipped="0">
  <testcase classname="mockInterviewprograms.ExplicitWait" name="test" time="13.699"/>
  <system-out/>
</testsuite> <!-- mockInterviewprograms.ExplicitWait -->
