<?xml version="1.0" encoding="UTF-8"?>
<!-- Generated by org.testng.reporters.JUnitReportReporter -->
<testsuite hostname="PSL-9X67XM3" failures="0" tests="3" name="TestngAssignments.IRCTCWebsite" time="1.268" errors="0" timestamp="2023-02-03T12:55:09 IST" skipped="0">
  <testcase classname="TestngAssignments.IRCTCWebsite" name="homepage" time="0.209"/>
  <system-out/>
  <testcase classname="TestngAssignments.IRCTCWebsite" name="signinpage" time="0.435"/>
  <system-out/>
  <testcase classname="TestngAssignments.IRCTCWebsite" name="Screenshot" time="0.624"/>
  <system-out/>
</testsuite> <!-- TestngAssignments.IRCTCWebsite -->
