<?xml version="1.0" encoding="UTF-8"?>
<!-- Generated by org.testng.reporters.JUnitReportReporter -->
<testsuite hostname="PSL-9X67XM3" failures="0" tests="1" name="assignment4.ReadExcelFile" time="0.677" errors="0" timestamp="2023-04-25T16:13:01 IST" skipped="0">
  <testcase classname="assignment4.ReadExcelFile" name="readExcelFile" time="0.677"/>
  <system-out/>
</testsuite> <!-- assignment4.ReadExcelFile -->
