<?xml version="1.0" encoding="UTF-8"?>
<!-- Generated by org.testng.reporters.JUnitReportReporter -->
<testsuite hostname="PSL-9X67XM3" failures="0" tests="2" name="assignment4.VijayDemoOnTestng" time="19.596" errors="0" timestamp="2023-02-13T15:17:51 IST" skipped="0">
  <testcase classname="assignment4.VijayDemoOnTestng" name="actionPerform" time="0.107"/>
  <system-out/>
  <testcase classname="assignment4.VijayDemoOnTestng" name="secondAction" time="19.489"/>
  <system-out/>
</testsuite> <!-- assignment4.VijayDemoOnTestng -->
