<?xml version="1.0" encoding="UTF-8"?>
<!-- Generated by org.testng.reporters.JUnitReportReporter -->
<testsuite hostname="PSL-9X67XM3" failures="0" tests="1" name="assignment4.ReadAndWriteExcelFile" time="0.636" errors="0" timestamp="2022-11-04T13:33:39 IST" skipped="0">
  <testcase classname="assignment4.ReadAndWriteExcelFile" name="readExcelFile" time="0.636"/>
  <system-out/>
</testsuite> <!-- assignment4.ReadAndWriteExcelFile -->
