<?xml version="1.0" encoding="UTF-8"?>
<!-- Generated by org.testng.reporters.JUnitReportReporter -->
<testsuite hostname="PSL-9X67XM3" failures="0" tests="2" name="TestngAssignments.AmazonWebsite" time="16.755" errors="0" timestamp="2023-02-03T12:53:06 IST" skipped="0">
  <testcase classname="TestngAssignments.AmazonWebsite" name="Signin" time="13.527"/>
  <system-out/>
  <testcase classname="TestngAssignments.AmazonWebsite" name="Signin" time="3.228"/>
  <system-out/>
</testsuite> <!-- TestngAssignments.AmazonWebsite -->
