<?xml version="1.0" encoding="UTF-8"?>
<!-- Generated by org.testng.reporters.JUnitReportReporter -->
<testsuite hostname="PSL-9X67XM3" failures="0" tests="1" name="Exam.TestNGSc3" time="6.133" errors="0" timestamp="2023-07-20T13:34:11 IST" skipped="0">
  <testcase classname="Exam.TestNGSc3" name="test" time="6.133"/>
  <system-out/>
</testsuite> <!-- Exam.TestNGSc3 -->
