<?xml version="1.0" encoding="UTF-8"?>
<!-- Generated by org.testng.reporters.JUnitReportReporter -->
<testsuite hostname="PSL-9X67XM3" failures="0" tests="1" name="Exam.TestScenario2" time="7.748" errors="0" timestamp="2023-06-28T09:29:06 IST" skipped="0">
  <testcase classname="Exam.TestScenario2" name="test" time="7.748"/>
  <system-out/>
</testsuite> <!-- Exam.TestScenario2 -->
