<?xml version="1.0" encoding="UTF-8"?>
<!-- Generated by org.testng.reporters.JUnitReportReporter -->
<testsuite hostname="PSL-9X67XM3" failures="0" tests="1" name="Exam.TestScenario3" time="33.165" errors="0" timestamp="2023-06-28T09:31:56 IST" skipped="0">
  <testcase classname="Exam.TestScenario3" name="test" time="33.165"/>
  <system-out/>
</testsuite> <!-- Exam.TestScenario3 -->
