<?xml version="1.0" encoding="UTF-8"?>
<!-- Generated by org.testng.reporters.JUnitReportReporter -->
<testsuite hostname="PSL-9X67XM3" failures="0" tests="3" name="mockInterviewprograms.AnnotationsExample" time="0.008" errors="0" timestamp="2023-03-02T09:37:42 IST" skipped="0">
  <testcase classname="mockInterviewprograms.AnnotationsExample" name="test3" time="0.007"/>
  <system-out/>
  <testcase classname="mockInterviewprograms.AnnotationsExample" name="test1" time="0.001"/>
  <system-out/>
  <testcase classname="mockInterviewprograms.AnnotationsExample" name="test2" time="0.000"/>
  <system-out/>
</testsuite> <!-- mockInterviewprograms.AnnotationsExample -->
