<?xml version="1.0" encoding="UTF-8"?>
<!-- Generated by org.testng.reporters.JUnitReportReporter -->
<testsuite hostname="PSL-9X67XM3" failures="0" tests="1" name="ReadExcelData" time="1.197" errors="0" timestamp="2023-08-02T12:01:41 IST" skipped="0">
  <testcase classname="ReadExcelData" name="data" time="1.197"/>
  <system-out/>
</testsuite> <!-- ReadExcelData -->
