<?xml version="1.0" encoding="UTF-8"?>
<!-- Generated by org.testng.reporters.JUnitReportReporter -->
<testsuite hostname="PSL-9X67XM3" failures="0" tests="1" name="Testcase1" time="0.006" errors="0" timestamp="2023-02-16T11:51:46 IST" skipped="0">
  <testcase classname="Testcase1" name="test1" time="0.006"/>
  <system-out/>
</testsuite> <!-- Testcase1 -->
