<?xml version="1.0" encoding="UTF-8"?>
<!-- Generated by org.testng.reporters.JUnitReportReporter -->
<testsuite hostname="PSL-9X67XM3" failures="0" tests="1" name="javascript.RobotclassDemo" time="16.973" errors="0" timestamp="2022-09-20T22:42:34 IST" skipped="0">
  <testcase classname="javascript.RobotclassDemo" name="execution" time="16.973"/>
  <system-out/>
</testsuite> <!-- javascript.RobotclassDemo -->
