<?xml version="1.0" encoding="UTF-8"?>
<!-- Generated by org.testng.reporters.JUnitReportReporter -->
<testsuite hostname="PSL-9X67XM3" failures="0" tests="1" name="assignment4.ScreenShotExample" time="9.768" errors="0" timestamp="2022-12-28T14:22:55 IST" skipped="0">
  <testcase classname="assignment4.ScreenShotExample" name="testGuru99TakeScreenShot" time="9.768"/>
  <system-out/>
</testsuite> <!-- assignment4.ScreenShotExample -->
