<?xml version="1.0" encoding="UTF-8"?>
<!-- Generated by org.testng.reporters.JUnitReportReporter -->
<testsuite hostname="PSL-9X67XM3" failures="0" tests="1" name="javascript.JsDemo" time="33.792" errors="0" timestamp="2022-09-20T21:11:35 IST" skipped="0">
  <testcase classname="javascript.JsDemo" name="login" time="33.792"/>
  <system-out/>
</testsuite> <!-- javascript.JsDemo -->
