<?xml version="1.0" encoding="UTF-8"?>
<!-- Generated by org.testng.reporters.JUnitReportReporter -->
<testsuite hostname="PSL-9X67XM3" failures="0" tests="1" name="Groups.Personal_loan" time="0.001" errors="0" timestamp="2023-02-14T15:09:04 IST" skipped="0">
  <testcase classname="Groups.Personal_loan" name="WebLoginPersonalLoan" time="0.001"/>
  <system-out/>
</testsuite> <!-- Groups.Personal_loan -->
