<?xml version="1.0" encoding="UTF-8"?>
<!-- Generated by org.testng.reporters.JUnitReportReporter -->
<testsuite hostname="PSL-9X67XM3" failures="0" tests="1" name="mockInterviewprograms.WindowHandles" time="8.262" errors="0" timestamp="2023-02-03T12:49:49 IST" skipped="0">
  <testcase classname="mockInterviewprograms.WindowHandles" name="windowHandle" time="8.262"/>
  <system-out/>
</testsuite> <!-- mockInterviewprograms.WindowHandles -->
