<?xml version="1.0" encoding="UTF-8"?>
<!-- Generated by org.testng.reporters.JUnitReportReporter -->
<testsuite hostname="PSL-9X67XM3" failures="0" tests="1" name="Testcase2" time="0.001" errors="0" timestamp="2023-02-15T11:54:06 IST" skipped="0">
  <testcase classname="Testcase2" name="test2" time="0.001"/>
  <system-out/>
</testsuite> <!-- Testcase2 -->
