<?xml version="1.0" encoding="UTF-8"?>
<!-- Generated by org.testng.reporters.JUnitReportReporter -->
<testsuite hostname="PSL-9X67XM3" failures="0" tests="1" name="Exam.TestScenario1" time="7.144" errors="0" timestamp="2023-06-28T10:44:52 IST" skipped="0">
  <testcase classname="Exam.TestScenario1" name="test" time="7.144"/>
  <system-out/>
</testsuite> <!-- Exam.TestScenario1 -->
