<?xml version="1.0" encoding="UTF-8"?>
<!-- Generated by org.testng.reporters.JUnitReportReporter -->
<testsuite hostname="PSL-9X67XM3" failures="0" tests="8" name="Groups.Home_loan" time="0.020" errors="0" timestamp="2023-02-14T15:27:44 IST" skipped="0">
  <testcase classname="Groups.Home_loan" name="MobileLoginHomeLoan" time="0.009"/>
  <system-out/>
  <testcase classname="Groups.Home_loan" name="WebLoginHomeLoan" time="0.006"/>
  <system-out/>
  <testcase classname="Groups.Home_loan" name="APILoginHomeLoan" time="0.001"/>
  <system-out/>
  <testcase classname="Groups.Home_loan" name="invocation" time="0.001"/>
  <system-out/>
  <testcase classname="Groups.Home_loan" name="invocation" time="0.001"/>
  <system-out/>
  <testcase classname="Groups.Home_loan" name="invocation" time="0.001"/>
  <system-out/>
  <testcase classname="Groups.Home_loan" name="invocation" time="0.001"/>
  <system-out/>
  <testcase classname="Groups.Home_loan" name="invocation" time="0.000"/>
  <system-out/>
</testsuite> <!-- Groups.Home_loan -->
