<?xml version="1.0" encoding="UTF-8"?>
<!-- Generated by org.testng.reporters.JUnitReportReporter -->
<testsuite hostname="PSL-9X67XM3" failures="0" tests="2" name="testngAssignment02.Dataprovider" time="42.019" errors="0" timestamp="2022-11-01T10:01:16 IST" skipped="0">
  <testcase classname="testngAssignment02.Dataprovider" name="Signin" time="25.366"/>
  <system-out/>
  <testcase classname="testngAssignment02.Dataprovider" name="Signin" time="16.653"/>
  <system-out/>
</testsuite> <!-- testngAssignment02.Dataprovider -->
