<?xml version="1.0" encoding="UTF-8"?>
<!-- Generated by org.testng.reporters.JUnitReportReporter -->
<testsuite hostname="PSL-9X67XM3" failures="0" tests="1" name="mockInterviewprograms.JavaScriptDemo" time="5.674" errors="0" timestamp="2023-02-03T12:41:51 IST" skipped="0">
  <testcase classname="mockInterviewprograms.JavaScriptDemo" name="Login" time="5.674"/>
  <system-out/>
</testsuite> <!-- mockInterviewprograms.JavaScriptDemo -->
