<?xml version="1.0" encoding="UTF-8"?>
<!-- Generated by org.testng.reporters.JUnitReportReporter -->
<testsuite hostname="PSL-9X67XM3" failures="0" tests="4" name="Groups.Car_loan" time="0.013" errors="0" timestamp="2023-02-15T11:09:59 IST" skipped="1">
  <testcase classname="Groups.Car_loan" name="APILoginCarLoan" time="0.011"/>
  <system-out/>
  <testcase classname="Groups.Car_loan" name="WebLoginCarLoan" time="0.001"/>
  <system-out/>
  <testcase classname="Groups.Car_loan" name="MobileLoginCarLoan" time="0.001"/>
  <system-out/>
  <testcase classname="Groups.Car_loan" name="just">
    <skipped/>
  </testcase> <!-- just -->
  <system-out/>
</testsuite> <!-- Groups.Car_loan -->
