<?xml version="1.0" encoding="UTF-8"?>
<!-- Generated by org.testng.reporters.JUnitReportReporter -->
<testsuite hostname="PSL-9X67XM3" failures="0" tests="20" name="mockInterviewprograms.InvocationCount" time="0.036" errors="0" timestamp="2023-02-03T12:36:21 IST" skipped="0">
  <testcase classname="mockInterviewprograms.InvocationCount" name="testcase2" time="0.002"/>
  <system-out/>
  <testcase classname="mockInterviewprograms.InvocationCount" name="testcase2" time="0.001"/>
  <system-out/>
  <testcase classname="mockInterviewprograms.InvocationCount" name="testcase2" time="0.003"/>
  <system-out/>
  <testcase classname="mockInterviewprograms.InvocationCount" name="testcase1" time="0.002"/>
  <system-out/>
  <testcase classname="mockInterviewprograms.InvocationCount" name="testcase1" time="0.001"/>
  <system-out/>
  <testcase classname="mockInterviewprograms.InvocationCount" name="testcase2" time="0.001"/>
  <system-out/>
  <testcase classname="mockInterviewprograms.InvocationCount" name="testcase2" time="0.001"/>
  <system-out/>
  <testcase classname="mockInterviewprograms.InvocationCount" name="testcase1" time="0.011"/>
  <system-out/>
  <testcase classname="mockInterviewprograms.InvocationCount" name="testcase1" time="0.001"/>
  <system-out/>
  <testcase classname="mockInterviewprograms.InvocationCount" name="testcase1" time="0.000"/>
  <system-out/>
  <testcase classname="mockInterviewprograms.InvocationCount" name="testcase1" time="0.000"/>
  <system-out/>
  <testcase classname="mockInterviewprograms.InvocationCount" name="testcase1" time="0.001"/>
  <system-out/>
  <testcase classname="mockInterviewprograms.InvocationCount" name="testcase2" time="0.001"/>
  <system-out/>
  <testcase classname="mockInterviewprograms.InvocationCount" name="testcase1" time="0.001"/>
  <system-out/>
  <testcase classname="mockInterviewprograms.InvocationCount" name="testcase2" time="0.001"/>
  <system-out/>
  <testcase classname="mockInterviewprograms.InvocationCount" name="testcase2" time="0.001"/>
  <system-out/>
  <testcase classname="mockInterviewprograms.InvocationCount" name="testcase2" time="0.002"/>
  <system-out/>
  <testcase classname="mockInterviewprograms.InvocationCount" name="testcase1" time="0.004"/>
  <system-out/>
  <testcase classname="mockInterviewprograms.InvocationCount" name="testcase1" time="0.001"/>
  <system-out/>
  <testcase classname="mockInterviewprograms.InvocationCount" name="testcase2" time="0.001"/>
  <system-out/>
</testsuite> <!-- mockInterviewprograms.InvocationCount -->
