<?xml version="1.0" encoding="UTF-8"?>
<!-- Generated by org.testng.reporters.JUnitReportReporter -->
<testsuite hostname="PSL-9X67XM3" failures="0" tests="2" name="Groups.TestngAnnotation" time="0.007" errors="0" timestamp="2023-02-09T09:55:56 IST" skipped="0">
  <testcase classname="Groups.TestngAnnotation" name="test1" time="0.005"/>
  <system-out/>
  <testcase classname="Groups.TestngAnnotation" name="test2" time="0.002"/>
  <system-out/>
</testsuite> <!-- Groups.TestngAnnotation -->
